iscsi_libaio_1024_randwrite_4k: (g=0): rw=randwrite, bs=(R) 4096B-4096B, (W) 4096B-4096B, (T) 4096B-4096B, ioengine=libaio, iodepth=1024
...
fio-3.1
Starting 64 processes

iscsi_libaio_1024_randwrite_4k: (groupid=0, jobs=64): err= 0: pid=759870: Mon Jul  6 22:41:23 2020
  write: IOPS=625k, BW=2440MiB/s (2559MB/s)(1430GiB/600052msec)
    slat (usec): min=6, max=1711.7k, avg=95.51, stdev=573.65
    clat (usec): min=43, max=2307.2k, avg=104789.01, stdev=51799.19
     lat (usec): min=59, max=2307.2k, avg=104884.96, stdev=51836.21
    clat percentiles (msec):
     |  1.00th=[   46],  5.00th=[   54], 10.00th=[   59], 20.00th=[   68],
     | 30.00th=[   73], 40.00th=[   81], 50.00th=[   99], 60.00th=[  113],
     | 70.00th=[  127], 80.00th=[  140], 90.00th=[  157], 95.00th=[  169],
     | 99.00th=[  209], 99.50th=[  338], 99.90th=[  592], 99.95th=[  651],
     | 99.99th=[ 1720]
   bw (  KiB/s): min=  264, max=97257, per=1.57%, avg=39318.17, stdev=13840.78, samples=76648
   iops        : min=   66, max=24314, avg=9829.25, stdev=3460.21, samples=76648
  lat (usec)   : 50=0.01%, 100=0.01%, 250=0.01%, 500=0.01%, 750=0.01%
  lat (usec)   : 1000=0.01%
  lat (msec)   : 2=0.01%, 4=0.01%, 10=0.01%, 20=0.01%, 50=2.44%
  lat (msec)   : 100=48.78%, 250=48.07%, 500=0.48%, 750=0.20%, 1000=0.01%
  lat (msec)   : 2000=0.01%, >=2000=0.01%
  cpu          : usr=8.46%, sys=18.21%, ctx=23131761, majf=0, minf=40562714
  IO depths    : 1=0.1%, 2=0.1%, 4=0.1%, 8=0.1%, 16=0.1%, 32=0.1%, >=64=100.0%
     submit    : 0=0.0%, 4=100.0%, 8=0.0%, 16=0.0%, 32=0.0%, 64=0.0%, >=64=0.0%
     complete  : 0=0.0%, 4=100.0%, 8=0.0%, 16=0.0%, 32=0.0%, 64=0.0%, >=64=0.1%
     issued rwt: total=0,374859713,0, short=0,0,0, dropped=0,0,0
     latency   : target=0, window=0, percentile=100.00%, depth=1024

Run status group 0 (all jobs):
  WRITE: bw=2440MiB/s (2559MB/s), 2440MiB/s-2440MiB/s (2559MB/s-2559MB/s), io=1430GiB (1535GB), run=600052-600052msec

Disk stats (read/write):
  nvme1n1: ios=3/374760400, merge=0/0, ticks=3/1908558049, in_queue=2496537144, util=100.00%
