iscsi_libaio_1024_randwrite_16k: (g=0): rw=randwrite, bs=(R) 16.0KiB-16.0KiB, (W) 16.0KiB-16.0KiB, (T) 16.0KiB-16.0KiB, ioengine=libaio, iodepth=1024
...
fio-3.1
Starting 64 processes

iscsi_libaio_1024_randwrite_16k: (groupid=0, jobs=64): err= 0: pid=763578: Mon Jul  6 23:03:27 2020
  write: IOPS=168k, BW=2623MiB/s (2750MB/s)(1537GiB/600025msec)
    slat (usec): min=11, max=1818.4k, avg=370.91, stdev=851.53
    clat (usec): min=67, max=2581.3k, avg=389942.54, stdev=45559.44
     lat (usec): min=80, max=2581.4k, avg=390314.21, stdev=45591.08
    clat percentiles (msec):
     |  1.00th=[  347],  5.00th=[  355], 10.00th=[  363], 20.00th=[  368],
     | 30.00th=[  372], 40.00th=[  376], 50.00th=[  380], 60.00th=[  388],
     | 70.00th=[  393], 80.00th=[  401], 90.00th=[  418], 95.00th=[  456],
     | 99.00th=[  584], 99.50th=[  642], 99.90th=[  760], 99.95th=[  793],
     | 99.99th=[ 1536]
   bw (  KiB/s): min=  223, max=71797, per=1.57%, avg=42217.74, stdev=3970.01, samples=76758
   iops        : min=   13, max= 4489, avg=2638.23, stdev=248.12, samples=76758
  lat (usec)   : 100=0.01%, 250=0.01%, 500=0.01%, 750=0.01%, 1000=0.01%
  lat (msec)   : 2=0.01%, 4=0.01%, 10=0.01%, 20=0.01%, 50=0.01%
  lat (msec)   : 100=0.01%, 250=0.02%, 500=97.07%, 750=2.75%, 1000=0.12%
  lat (msec)   : 2000=0.01%, >=2000=0.01%
  cpu          : usr=2.95%, sys=94.13%, ctx=559320, majf=0, minf=11862427
  IO depths    : 1=0.1%, 2=0.1%, 4=0.1%, 8=0.1%, 16=0.1%, 32=0.1%, >=64=100.0%
     submit    : 0=0.0%, 4=100.0%, 8=0.0%, 16=0.0%, 32=0.0%, 64=0.0%, >=64=0.0%
     complete  : 0=0.0%, 4=100.0%, 8=0.0%, 16=0.0%, 32=0.0%, 64=0.0%, >=64=0.1%
     issued rwt: total=0,100713729,0, short=0,0,0, dropped=0,0,0
     latency   : target=0, window=0, percentile=100.00%, depth=1024

Run status group 0 (all jobs):
  WRITE: bw=2623MiB/s (2750MB/s), 2623MiB/s-2623MiB/s (2750MB/s-2750MB/s), io=1537GiB (1650GB), run=600025-600025msec

Disk stats (read/write):
  nvme1n1: ios=19/100711684, merge=0/0, ticks=106/1702846068, in_queue=18446744070939493268, util=100.00%
