iscsi_libaio_1024_randwrite_256k: (g=0): rw=randwrite, bs=(R) 256KiB-256KiB, (W) 256KiB-256KiB, (T) 256KiB-256KiB, ioengine=libaio, iodepth=1024
...
fio-3.1
Starting 64 processes

iscsi_libaio_1024_randwrite_256k: (groupid=0, jobs=64): err= 0: pid=765405: Mon Jul  6 23:14:33 2020
  write: IOPS=10.8k, BW=2709MiB/s (2840MB/s)(1588GiB/600354msec)
    slat (usec): min=37, max=1818.4k, avg=5861.91, stdev=13146.10
    clat (usec): min=769, max=11424k, avg=6016711.00, stdev=843594.58
     lat (msec): min=126, max=11427, avg=6022.58, stdev=844.17
    clat percentiles (msec):
     |  1.00th=[ 4732],  5.00th=[ 5269], 10.00th=[ 5403], 20.00th=[ 5537],
     | 30.00th=[ 5604], 40.00th=[ 5671], 50.00th=[ 5805], 60.00th=[ 5940],
     | 70.00th=[ 6141], 80.00th=[ 6477], 90.00th=[ 7148], 95.00th=[ 7684],
     | 99.00th=[ 8557], 99.50th=[ 8926], 99.90th=[ 9463], 99.95th=[ 9731],
     | 99.99th=[10537]
   bw (  KiB/s): min=  210, max=864193, per=1.54%, avg=42803.52, stdev=10081.10, samples=76006
   iops        : min=    0, max= 3375, avg=166.79, stdev=39.38, samples=76006
  lat (usec)   : 1000=0.01%
  lat (msec)   : 2=0.01%, 4=0.01%, 10=0.01%, 20=0.01%, 250=0.07%
  lat (msec)   : 500=0.12%, 750=0.05%, 1000=0.04%, 2000=0.17%, >=2000=99.54%
  cpu          : usr=0.90%, sys=91.22%, ctx=463259, majf=2029, minf=287070052
  IO depths    : 1=0.1%, 2=0.1%, 4=0.1%, 8=0.1%, 16=0.1%, 32=0.1%, >=64=99.9%
     submit    : 0=0.0%, 4=100.0%, 8=0.0%, 16=0.0%, 32=0.0%, 64=0.0%, >=64=0.0%
     complete  : 0=0.0%, 4=100.0%, 8=0.0%, 16=0.0%, 32=0.0%, 64=0.0%, >=64=0.1%
     issued rwt: total=0,6504427,0, short=0,0,0, dropped=0,0,0
     latency   : target=0, window=0, percentile=100.00%, depth=1024

Run status group 0 (all jobs):
  WRITE: bw=2709MiB/s (2840MB/s), 2709MiB/s-2709MiB/s (2840MB/s-2840MB/s), io=1588GiB (1705GB), run=600354-600354msec

Disk stats (read/write):
  nvme1n1: ios=8/6503955, merge=0/0, ticks=708/18446744071564169521, in_queue=2645392236, util=100.00%
