iscsi_libaio_1024_randread_4k: (g=0): rw=randread, bs=(R) 4096B-4096B, (W) 4096B-4096B, (T) 4096B-4096B, ioengine=libaio, iodepth=1024
...
fio-3.1
Starting 64 processes

iscsi_libaio_1024_randread_4k: (groupid=0, jobs=64): err= 0: pid=772624: Mon Jul  6 23:50:55 2020
   read: IOPS=472k, BW=1845MiB/s (1935MB/s)(1081GiB/600041msec)
    slat (usec): min=6, max=1883.2k, avg=128.14, stdev=611.62
    clat (usec): min=84, max=2154.7k, avg=138601.57, stdev=42005.29
     lat (usec): min=96, max=2154.7k, avg=138730.15, stdev=42029.37
    clat percentiles (msec):
     |  1.00th=[   73],  5.00th=[   91], 10.00th=[  101], 20.00th=[  111],
     | 30.00th=[  118], 40.00th=[  126], 50.00th=[  133], 60.00th=[  142],
     | 70.00th=[  153], 80.00th=[  165], 90.00th=[  184], 95.00th=[  203],
     | 99.00th=[  239], 99.50th=[  259], 99.90th=[  384], 99.95th=[  481],
     | 99.99th=[ 1804]
   bw (  KiB/s): min=  216, max=59967, per=1.57%, avg=29748.36, stdev=5584.10, samples=76678
   iops        : min=   54, max=14991, avg=7436.79, stdev=1396.03, samples=76678
  lat (usec)   : 100=0.01%, 250=0.01%, 500=0.01%, 750=0.01%, 1000=0.01%
  lat (msec)   : 2=0.01%, 4=0.01%, 10=0.01%, 20=0.01%, 50=0.07%
  lat (msec)   : 100=10.20%, 250=89.07%, 500=0.60%, 750=0.03%, 1000=0.01%
  lat (msec)   : 2000=0.01%, >=2000=0.01%
  cpu          : usr=6.03%, sys=15.28%, ctx=18989300, majf=0, minf=33109583
  IO depths    : 1=0.1%, 2=0.1%, 4=0.1%, 8=0.1%, 16=0.1%, 32=0.1%, >=64=100.0%
     submit    : 0=0.0%, 4=100.0%, 8=0.0%, 16=0.0%, 32=0.0%, 64=0.0%, >=64=0.0%
     complete  : 0=0.0%, 4=100.0%, 8=0.0%, 16=0.0%, 32=0.0%, 64=0.0%, >=64=0.1%
     issued rwt: total=283400351,0,0, short=0,0,0, dropped=0,0,0
     latency   : target=0, window=0, percentile=100.00%, depth=1024

Run status group 0 (all jobs):
   READ: bw=1845MiB/s (1935MB/s), 1845MiB/s-1845MiB/s (1935MB/s-1935MB/s), io=1081GiB (1161GB), run=600041-600041msec

Disk stats (read/write):
  nvme1n1: ios=283300712/0, merge=0/0, ticks=3107172943/0, in_queue=914175848, util=100.00%
