iscsi_libaio_1024_randwrite_512k: (g=0): rw=randwrite, bs=(R) 512KiB-512KiB, (W) 512KiB-512KiB, (T) 512KiB-512KiB, ioengine=libaio, iodepth=1024
...
fio-3.1
Starting 64 processes

iscsi_libaio_1024_randwrite_512k: (groupid=0, jobs=64): err= 0: pid=767264: Mon Jul  6 23:26:38 2020
  write: IOPS=5932, BW=2966MiB/s (3110MB/s)(1744GiB/602120msec)
    slat (usec): min=52, max=47329k, avg=10613.46, stdev=58953.59
    clat (msec): min=11, max=66430, avg=10956.24, stdev=3903.98
     lat (msec): min=42, max=66435, avg=10966.86, stdev=3907.21
    clat percentiles (msec):
     |  1.00th=[  355],  5.00th=[ 1603], 10.00th=[ 6342], 20.00th=[ 9731],
     | 30.00th=[10402], 40.00th=[10805], 50.00th=[11342], 60.00th=[11879],
     | 70.00th=[12550], 80.00th=[13221], 90.00th=[14429], 95.00th=[15503],
     | 99.00th=[17113], 99.50th=[17113], 99.90th=[17113], 99.95th=[17113],
     | 99.99th=[17113]
   bw (  KiB/s): min=  747, max=2741645, per=1.53%, avg=46476.34, stdev=48726.60, samples=74809
   iops        : min=    1, max= 5354, avg=90.37, stdev=95.17, samples=74809
  lat (msec)   : 20=0.01%, 50=0.01%, 100=0.01%, 250=0.36%, 500=2.15%
  lat (msec)   : 750=0.25%, 1000=0.16%, 2000=3.16%, >=2000=93.90%
  cpu          : usr=1.03%, sys=74.47%, ctx=510779, majf=10869, minf=394041971
  IO depths    : 1=0.1%, 2=0.1%, 4=0.1%, 8=0.1%, 16=0.1%, 32=0.1%, >=64=99.9%
     submit    : 0=0.0%, 4=100.0%, 8=0.0%, 16=0.0%, 32=0.0%, 64=0.0%, >=64=0.0%
     complete  : 0=0.0%, 4=100.0%, 8=0.0%, 16=0.0%, 32=0.0%, 64=0.0%, >=64=0.1%
     issued rwt: total=0,3571893,0, short=0,0,0, dropped=0,0,0
     latency   : target=0, window=0, percentile=100.00%, depth=1024

Run status group 0 (all jobs):
  WRITE: bw=2966MiB/s (3110MB/s), 2966MiB/s-2966MiB/s (3110MB/s-3110MB/s), io=1744GiB (1873GB), run=602120-602120msec

Disk stats (read/write):
  nvme1n1: ios=267/3817940, merge=0/0, ticks=41738/18446744073033861353, in_queue=18446744073639075812, util=100.00%
