iscsi_libaio_1024_randwrite_4k: (g=0): rw=randwrite, bs=(R) 4096B-4096B, (W) 4096B-4096B, (T) 4096B-4096B, ioengine=libaio, iodepth=1024
fio-3.1
Starting 1 process

iscsi_libaio_1024_randwrite_4k: (groupid=0, jobs=1): err= 0: pid=2852000: Sun Jun 28 17:29:46 2020
  write: IOPS=4026, BW=15.7MiB/s (16.5MB/s)(9437MiB/600018msec)
    slat (usec): min=8, max=2301.1k, avg=239.64, stdev=10210.42
    clat (msec): min=15, max=7043, avg=253.54, stdev=477.86
     lat (msec): min=18, max=7043, avg=253.78, stdev=478.22
    clat percentiles (msec):
     |  1.00th=[  111],  5.00th=[  114], 10.00th=[  116], 20.00th=[  120],
     | 30.00th=[  123], 40.00th=[  126], 50.00th=[  131], 60.00th=[  136],
     | 70.00th=[  146], 80.00th=[  161], 90.00th=[  245], 95.00th=[ 1351],
     | 99.00th=[ 2769], 99.50th=[ 3104], 99.90th=[ 4245], 99.95th=[ 4597],
     | 99.99th=[ 5537]
   bw (  KiB/s): min=  256, max=33904, per=100.00%, avg=19201.33, stdev=12950.82, samples=1006
   iops        : min=   64, max= 8476, avg=4800.30, stdev=3237.69, samples=1006
  lat (msec)   : 20=0.01%, 50=0.01%, 100=0.02%, 250=90.25%, 500=3.09%
  lat (msec)   : 750=0.68%, 1000=0.50%, 2000=3.19%, >=2000=2.27%
  cpu          : usr=3.20%, sys=8.58%, ctx=209984, majf=0, minf=130615
  IO depths    : 1=0.1%, 2=0.1%, 4=0.1%, 8=0.1%, 16=0.1%, 32=0.1%, >=64=100.0%
     submit    : 0=0.0%, 4=100.0%, 8=0.0%, 16=0.0%, 32=0.0%, 64=0.0%, >=64=0.0%
     complete  : 0=0.0%, 4=100.0%, 8=0.0%, 16=0.0%, 32=0.0%, 64=0.0%, >=64=0.1%
     issued rwt: total=0,2415924,0, short=0,0,0, dropped=0,0,0
     latency   : target=0, window=0, percentile=100.00%, depth=1024

Run status group 0 (all jobs):
  WRITE: bw=15.7MiB/s (16.5MB/s), 15.7MiB/s-15.7MiB/s (16.5MB/s-16.5MB/s), io=9437MiB (9896MB), run=600018-600018msec
