iscsi_libaio_1024_randwrite_1m: (g=0): rw=randwrite, bs=(R) 1024KiB-1024KiB, (W) 1024KiB-1024KiB, (T) 1024KiB-1024KiB, ioengine=libaio, iodepth=1024
fio-3.1
Starting 1 process

iscsi_libaio_1024_randwrite_1m: (groupid=0, jobs=1): err= 0: pid=2931326: Sun Jun 28 18:46:08 2020
  write: IOPS=166, BW=167MiB/s (175MB/s)(97.7GiB/600215msec)
    slat (usec): min=105, max=1767.3k, avg=5985.58, stdev=48802.46
    clat (msec): min=211, max=13746, avg=6108.79, stdev=1987.81
     lat (msec): min=254, max=13746, avg=6114.78, stdev=1988.68
    clat percentiles (msec):
     |  1.00th=[ 3004],  5.00th=[ 3306], 10.00th=[ 3540], 20.00th=[ 4245],
     | 30.00th=[ 4799], 40.00th=[ 5336], 50.00th=[ 5940], 60.00th=[ 6544],
     | 70.00th=[ 7080], 80.00th=[ 7886], 90.00th=[ 8926], 95.00th=[ 9731],
     | 99.00th=[10671], 99.50th=[10939], 99.90th=[12147], 99.95th=[12416],
     | 99.99th=[12818]
   bw (  KiB/s): min=12288, max=360448, per=100.00%, avg=200009.44, stdev=102967.82, samples=1014
   iops        : min=   12, max=  352, avg=195.29, stdev=100.57, samples=1014
  lat (msec)   : 250=0.01%, 500=0.08%, 750=0.06%, 1000=0.06%, 2000=0.27%
  lat (msec)   : >=2000=99.52%
  cpu          : usr=2.02%, sys=1.69%, ctx=13370, majf=0, minf=522012
  IO depths    : 1=0.1%, 2=0.1%, 4=0.1%, 8=0.1%, 16=0.1%, 32=0.1%, >=64=99.9%
     submit    : 0=0.0%, 4=100.0%, 8=0.0%, 16=0.0%, 32=0.0%, 64=0.0%, >=64=0.0%
     complete  : 0=0.0%, 4=100.0%, 8=0.0%, 16=0.0%, 32=0.0%, 64=0.0%, >=64=0.1%
     issued rwt: total=0,100061,0, short=0,0,0, dropped=0,0,0
     latency   : target=0, window=0, percentile=100.00%, depth=1024

Run status group 0 (all jobs):
  WRITE: bw=167MiB/s (175MB/s), 167MiB/s-167MiB/s (175MB/s-175MB/s), io=97.7GiB (105GB), run=600215-600215msec
