iscsi_libaio_1024_randwrite_8k: (g=0): rw=randwrite, bs=(R) 8192B-8192B, (W) 8192B-8192B, (T) 8192B-8192B, ioengine=libaio, iodepth=1024
fio-3.1
Starting 1 process

iscsi_libaio_1024_randwrite_8k: (groupid=0, jobs=1): err= 0: pid=2865935: Sun Jun 28 17:45:03 2020
  write: IOPS=2622, BW=20.5MiB/s (21.5MB/s)(12.0GiB/600834msec)
    slat (usec): min=10, max=2031.0k, avg=374.29, stdev=15669.20
    clat (msec): min=19, max=6985, avg=389.35, stdev=663.16
     lat (msec): min=108, max=6985, avg=389.73, stdev=663.61
    clat percentiles (msec):
     |  1.00th=[  116],  5.00th=[  121], 10.00th=[  124], 20.00th=[  130],
     | 30.00th=[  136], 40.00th=[  142], 50.00th=[  148], 60.00th=[  155],
     | 70.00th=[  167], 80.00th=[  192], 90.00th=[ 1452], 95.00th=[ 1653],
     | 99.00th=[ 3339], 99.50th=[ 3876], 99.90th=[ 4530], 99.95th=[ 4597],
     | 99.99th=[ 5269]
   bw (  KiB/s): min=   16, max=64400, per=100.00%, avg=29322.58, stdev=23486.28, samples=859
   iops        : min=    2, max= 8050, avg=3665.29, stdev=2935.78, samples=859
  lat (msec)   : 20=0.01%, 250=84.21%, 500=1.48%, 750=0.60%, 1000=0.66%
  lat (msec)   : 2000=9.00%, >=2000=4.05%
  cpu          : usr=1.68%, sys=7.02%, ctx=255575, majf=0, minf=50832
  IO depths    : 1=0.1%, 2=0.1%, 4=0.1%, 8=0.1%, 16=0.1%, 32=0.1%, >=64=100.0%
     submit    : 0=0.0%, 4=100.0%, 8=0.0%, 16=0.0%, 32=0.0%, 64=0.0%, >=64=0.0%
     complete  : 0=0.0%, 4=100.0%, 8=0.0%, 16=0.0%, 32=0.0%, 64=0.0%, >=64=0.1%
     issued rwt: total=0,1575554,0, short=0,0,0, dropped=0,0,0
     latency   : target=0, window=0, percentile=100.00%, depth=1024

Run status group 0 (all jobs):
  WRITE: bw=20.5MiB/s (21.5MB/s), 20.5MiB/s-20.5MiB/s (21.5MB/s-21.5MB/s), io=12.0GiB (12.9GB), run=600834-600834msec
