iscsi_libaio_1024_randwrite_16k: (g=0): rw=randwrite, bs=(R) 16.0KiB-16.0KiB, (W) 16.0KiB-16.0KiB, (T) 16.0KiB-16.0KiB, ioengine=libaio, iodepth=1024
...
fio-3.1
Starting 24 processes

iscsi_libaio_1024_randwrite_16k: (groupid=0, jobs=24): err= 0: pid=30183: Tue Sep  8 00:12:10 2020
  write: IOPS=66.6k, BW=1040MiB/s (1090MB/s)(610GiB/600399msec)
    slat (usec): min=3, max=65322, avg=343.59, stdev=706.27
    clat (usec): min=86, max=933023, avg=368844.26, stdev=135581.74
     lat (usec): min=101, max=934460, avg=369188.12, stdev=135651.42
    clat percentiles (msec):
     |  1.00th=[   52],  5.00th=[  159], 10.00th=[  209], 20.00th=[  266],
     | 30.00th=[  284], 40.00th=[  300], 50.00th=[  342], 60.00th=[  422],
     | 70.00th=[  477], 80.00th=[  498], 90.00th=[  531], 95.00th=[  575],
     | 99.00th=[  659], 99.50th=[  693], 99.90th=[  743], 99.95th=[  768],
     | 99.99th=[  818]
   bw (  KiB/s): min=17923, max=91328, per=4.18%, avg=44467.33, stdev=12058.57, samples=28800
   iops        : min= 1120, max= 5708, avg=2778.95, stdev=753.66, samples=28800
  lat (usec)   : 100=0.01%, 250=0.01%, 500=0.01%, 750=0.01%, 1000=0.01%
  lat (msec)   : 2=0.01%, 4=0.01%, 10=0.06%, 20=0.17%, 50=0.73%
  lat (msec)   : 100=1.65%, 250=12.81%, 500=65.30%, 750=19.19%, 1000=0.08%
  cpu          : usr=2.02%, sys=79.23%, ctx=961978, majf=0, minf=1525294
  IO depths    : 1=0.1%, 2=0.1%, 4=0.1%, 8=0.1%, 16=0.1%, 32=0.1%, >=64=100.0%
     submit    : 0=0.0%, 4=100.0%, 8=0.0%, 16=0.0%, 32=0.0%, 64=0.0%, >=64=0.0%
     complete  : 0=0.0%, 4=100.0%, 8=0.0%, 16=0.0%, 32=0.0%, 64=0.0%, >=64=0.1%
     issued rwt: total=0,39958181,0, short=0,0,0, dropped=0,0,0
     latency   : target=0, window=0, percentile=100.00%, depth=1024

Run status group 0 (all jobs):
  WRITE: bw=1040MiB/s (1090MB/s), 1040MiB/s-1040MiB/s (1090MB/s-1090MB/s), io=610GiB (655GB), run=600399-600399msec

Disk stats (read/write):
  nvme0n1: ios=45/39946290, merge=0/0, ticks=0/18446744072753607900, in_queue=18446744073019371824, util=100.00%
