iscsi_libaio_1024_randread_4k: (g=0): rw=randread, bs=(R) 4096B-4096B, (W) 4096B-4096B, (T) 4096B-4096B, ioengine=libaio, iodepth=1024
...
fio-3.1
Starting 24 processes

iscsi_libaio_1024_randread_4k: (groupid=0, jobs=24): err= 0: pid=30497: Tue Sep  8 00:56:23 2020
   read: IOPS=451k, BW=1761MiB/s (1847MB/s)(1032GiB/600066msec)
    slat (nsec): min=1834, max=65104k, avg=30739.93, stdev=170868.70
    clat (usec): min=20, max=234440, avg=54463.55, stdev=20705.89
     lat (usec): min=89, max=234444, avg=54494.43, stdev=20720.65
    clat percentiles (msec):
     |  1.00th=[    4],  5.00th=[   14], 10.00th=[   24], 20.00th=[   40],
     | 30.00th=[   50], 40.00th=[   56], 50.00th=[   59], 60.00th=[   62],
     | 70.00th=[   65], 80.00th=[   68], 90.00th=[   74], 95.00th=[   84],
     | 99.00th=[  109], 99.50th=[  121], 99.90th=[  144], 99.95th=[  155],
     | 99.99th=[  176]
   bw (  KiB/s): min=31270, max=180549, per=4.18%, avg=75350.18, stdev=17723.07, samples=28800
   iops        : min= 7817, max=45137, avg=18837.27, stdev=4430.77, samples=28800
  lat (usec)   : 50=0.01%, 100=0.01%, 250=0.01%, 500=0.04%, 750=0.06%
  lat (usec)   : 1000=0.06%
  lat (msec)   : 2=0.27%, 4=0.66%, 10=2.54%, 20=4.62%, 50=22.15%
  lat (msec)   : 100=67.88%, 250=1.71%
  cpu          : usr=8.83%, sys=14.00%, ctx=71278355, majf=0, minf=2639133
  IO depths    : 1=0.1%, 2=0.1%, 4=0.1%, 8=0.1%, 16=0.1%, 32=0.1%, >=64=100.0%
     submit    : 0=0.0%, 4=100.0%, 8=0.0%, 16=0.0%, 32=0.0%, 64=0.0%, >=64=0.0%
     complete  : 0=0.0%, 4=100.0%, 8=0.0%, 16=0.0%, 32=0.0%, 64=0.0%, >=64=0.1%
     issued rwt: total=270576441,0,0, short=0,0,0, dropped=0,0,0
     latency   : target=0, window=0, percentile=100.00%, depth=1024

Run status group 0 (all jobs):
   READ: bw=1761MiB/s (1847MB/s), 1761MiB/s-1761MiB/s (1847MB/s-1847MB/s), io=1032GiB (1108GB), run=600066-600066msec

Disk stats (read/write):
  nvme0n1: ios=270522053/0, merge=0/0, ticks=523518408/0, in_queue=1757346900, util=100.00%
