iscsi_libaio_1024_randwrite_8k: (g=0): rw=randwrite, bs=(R) 8192B-8192B, (W) 8192B-8192B, (T) 8192B-8192B, ioengine=libaio, iodepth=1024
...
fio-3.1
Starting 24 processes

iscsi_libaio_1024_randwrite_8k: (groupid=0, jobs=24): err= 0: pid=29995: Tue Sep  8 00:01:09 2020
  write: IOPS=184k, BW=1439MiB/s (1509MB/s)(843GiB/600166msec)
    slat (nsec): min=1894, max=20879k, avg=87036.08, stdev=407868.45
    clat (usec): min=14, max=668789, avg=133309.43, stdev=48313.58
     lat (usec): min=20, max=668793, avg=133396.62, stdev=48353.37
    clat percentiles (msec):
     |  1.00th=[    8],  5.00th=[   37], 10.00th=[   70], 20.00th=[  110],
     | 30.00th=[  124], 40.00th=[  131], 50.00th=[  138], 60.00th=[  144],
     | 70.00th=[  150], 80.00th=[  161], 90.00th=[  178], 95.00th=[  199],
     | 99.00th=[  279], 99.50th=[  321], 99.90th=[  418], 99.95th=[  456],
     | 99.99th=[  518]
   bw (  KiB/s): min=12136, max=155024, per=4.18%, avg=61539.06, stdev=12396.14, samples=28800
   iops        : min= 1517, max=19378, avg=7692.10, stdev=1549.52, samples=28800
  lat (usec)   : 20=0.01%, 50=0.01%, 100=0.01%, 250=0.01%, 500=0.02%
  lat (usec)   : 750=0.02%, 1000=0.02%
  lat (msec)   : 2=0.11%, 4=0.27%, 10=0.89%, 20=1.36%, 50=4.21%
  lat (msec)   : 100=9.59%, 250=81.87%, 500=1.62%, 750=0.02%
  cpu          : usr=4.58%, sys=6.67%, ctx=30489824, majf=0, minf=772299
  IO depths    : 1=0.1%, 2=0.1%, 4=0.1%, 8=0.1%, 16=0.1%, 32=0.1%, >=64=100.0%
     submit    : 0=0.0%, 4=100.0%, 8=0.0%, 16=0.0%, 32=0.0%, 64=0.0%, >=64=0.0%
     complete  : 0=0.0%, 4=100.0%, 8=0.0%, 16=0.0%, 32=0.0%, 64=0.0%, >=64=0.1%
     issued rwt: total=0,110558238,0, short=0,0,0, dropped=0,0,0
     latency   : target=0, window=0, percentile=100.00%, depth=1024

Run status group 0 (all jobs):
  WRITE: bw=1439MiB/s (1509MB/s), 1439MiB/s-1439MiB/s (1509MB/s-1509MB/s), io=843GiB (906GB), run=600166-600166msec

Disk stats (read/write):
  nvme0n1: ios=45/110524541, merge=0/0, ticks=0/166216628, in_queue=1366113952, util=100.00%
