iscsi_libaio_128_read_512k: (g=0): rw=read, bs=(R) 512KiB-512KiB, (W) 512KiB-512KiB, (T) 512KiB-512KiB, ioengine=libaio, iodepth=128
...
fio-3.7
Starting 4 processes

iscsi_libaio_128_read_512k: (groupid=0, jobs=4): err= 0: pid=22318: Fri Mar 12 02:53:10 2021
   read: IOPS=813, BW=407MiB/s (426MB/s)(2000MiB/4919msec)
    slat (usec): min=61, max=365200, avg=4835.49, stdev=18638.86
    clat (usec): min=3, max=954184, avg=560458.27, stdev=155825.42
     lat (usec): min=973, max=954592, avg=565294.16, stdev=155912.12
    clat percentiles (msec):
     |  1.00th=[  117],  5.00th=[  271], 10.00th=[  342], 20.00th=[  460],
     | 30.00th=[  523], 40.00th=[  542], 50.00th=[  558], 60.00th=[  584],
     | 70.00th=[  625], 80.00th=[  684], 90.00th=[  785], 95.00th=[  802],
     | 99.00th=[  860], 99.50th=[  927], 99.90th=[  953], 99.95th=[  953],
     | 99.99th=[  953]
   bw (  KiB/s): min=56320, max=147456, per=23.86%, avg=99328.00, stdev=30620.74, samples=32
   iops        : min=  110, max=  288, avg=194.00, stdev=59.81, samples=32
  lat (usec)   : 4=0.03%, 10=0.08%, 1000=0.10%
  lat (msec)   : 50=0.10%, 100=0.30%, 250=3.40%, 500=19.70%, 750=64.45%
  lat (msec)   : 1000=11.85%
  cpu          : usr=0.01%, sys=6.48%, ctx=6921, majf=0, minf=2299
  IO depths    : 1=0.1%, 2=0.2%, 4=0.4%, 8=0.8%, 16=1.6%, 32=3.2%, >=64=93.7%
     submit    : 0=0.0%, 4=100.0%, 8=0.0%, 16=0.0%, 32=0.0%, 64=0.0%, >=64=0.0%
     complete  : 0=0.0%, 4=99.9%, 8=0.0%, 16=0.0%, 32=0.0%, 64=0.0%, >=64=0.1%
     issued rwts: total=4000,0,0,0 short=0,0,0,0 dropped=0,0,0,0
     latency   : target=0, window=0, percentile=100.00%, depth=128

Run status group 0 (all jobs):
   READ: bw=407MiB/s (426MB/s), 407MiB/s-407MiB/s (426MB/s-426MB/s), io=2000MiB (2097MB), run=4919-4919msec
