iscsi_libaio_128_randwrite_8k: (g=0): rw=randwrite, bs=(R) 8192B-8192B, (W) 8192B-8192B, (T) 8192B-8192B, ioengine=libaio, iodepth=128
...
fio-3.7
Starting 4 processes

iscsi_libaio_128_randwrite_8k: (groupid=0, jobs=4): err= 0: pid=21144: Fri Mar 12 02:34:56 2021
  write: IOPS=36.2k, BW=283MiB/s (296MB/s)(2000MiB/7078msec)
    slat (usec): min=2, max=4043.2k, avg=77.27, stdev=12373.86
    clat (nsec): min=1766, max=4935.9M, avg=9941903.85, stdev=188765835.27
     lat (usec): min=5, max=4935.9k, avg=10019.24, stdev=189532.49
    clat percentiles (usec):
     |  1.00th=[   1287],  5.00th=[   1369], 10.00th=[   1401],
     | 20.00th=[   1450], 30.00th=[   1500], 40.00th=[   1532],
     | 50.00th=[   1565], 60.00th=[   1614], 70.00th=[   1680],
     | 80.00th=[   1762], 90.00th=[   1844], 95.00th=[   1909],
     | 99.00th=[   2311], 99.50th=[   6587], 99.90th=[4798284],
     | 99.95th=[4932502], 99.99th=[4932502]
   bw (  KiB/s): min=   12, max=541792, per=67.96%, avg=196636.22, stdev=253218.46, samples=18
   iops        : min=    1, max=67724, avg=24579.50, stdev=31652.33, samples=18
  lat (usec)   : 2=0.01%, 4=0.01%, 10=0.01%, 20=0.01%, 50=0.01%
  lat (usec)   : 100=0.01%, 250=0.02%, 500=0.04%, 750=0.04%, 1000=0.03%
  lat (msec)   : 2=98.10%, 4=1.09%, 10=0.20%, 20=0.05%, 250=0.10%
  lat (msec)   : 500=0.04%, 750=0.04%, 1000=0.07%
  cpu          : usr=1.25%, sys=16.39%, ctx=3014, majf=0, minf=120
  IO depths    : 1=0.1%, 2=0.1%, 4=0.1%, 8=0.1%, 16=0.1%, 32=0.1%, >=64=99.9%
     submit    : 0=0.0%, 4=100.0%, 8=0.0%, 16=0.0%, 32=0.0%, 64=0.0%, >=64=0.0%
     complete  : 0=0.0%, 4=100.0%, 8=0.0%, 16=0.0%, 32=0.0%, 64=0.0%, >=64=0.1%
     issued rwts: total=0,256000,0,0 short=0,0,0,0 dropped=0,0,0,0
     latency   : target=0, window=0, percentile=100.00%, depth=128

Run status group 0 (all jobs):
  WRITE: bw=283MiB/s (296MB/s), 283MiB/s-283MiB/s (296MB/s-296MB/s), io=2000MiB (2097MB), run=7078-7078msec
