iscsi_libaio_1024_randread_1m: (g=0): rw=randread, bs=(R) 1024KiB-1024KiB, (W) 1024KiB-1024KiB, (T) 1024KiB-1024KiB, ioengine=libaio, iodepth=1024
fio-3.1
Starting 1 process

iscsi_libaio_1024_randread_1m: (groupid=0, jobs=1): err= 0: pid=29591: Mon Sep  7 23:24:25 2020
   read: IOPS=2547, BW=2547MiB/s (2671MB/s)(512GiB/205823msec)
    slat (usec): min=27, max=8127, avg=390.43, stdev=138.14
    clat (msec): min=51, max=459, avg=401.15, stdev= 8.93
     lat (msec): min=51, max=459, avg=401.55, stdev= 8.93
    clat percentiles (msec):
     |  1.00th=[  401],  5.00th=[  401], 10.00th=[  401], 20.00th=[  401],
     | 30.00th=[  401], 40.00th=[  401], 50.00th=[  401], 60.00th=[  401],
     | 70.00th=[  401], 80.00th=[  401], 90.00th=[  401], 95.00th=[  401],
     | 99.00th=[  409], 99.50th=[  414], 99.90th=[  435], 99.95th=[  439],
     | 99.99th=[  443]
   bw (  MiB/s): min=  546, max= 2554, per=99.85%, avg=2543.43, stdev=99.16, samples=411
   iops        : min=  546, max= 2554, avg=2543.42, stdev=99.16, samples=411
  lat (msec)   : 100=0.02%, 250=0.07%, 500=99.90%
  cpu          : usr=0.61%, sys=10.41%, ctx=472724, majf=0, minf=524470
  IO depths    : 1=0.1%, 2=0.1%, 4=0.1%, 8=0.1%, 16=0.1%, 32=0.1%, >=64=100.0%
     submit    : 0=0.0%, 4=100.0%, 8=0.0%, 16=0.0%, 32=0.0%, 64=0.0%, >=64=0.0%
     complete  : 0=0.0%, 4=100.0%, 8=0.0%, 16=0.0%, 32=0.0%, 64=0.0%, >=64=0.1%
     issued rwt: total=524288,0,0, short=0,0,0, dropped=0,0,0
     latency   : target=0, window=0, percentile=100.00%, depth=1024

Run status group 0 (all jobs):
   READ: bw=2547MiB/s (2671MB/s), 2547MiB/s-2547MiB/s (2671MB/s-2671MB/s), io=512GiB (550GB), run=205823-205823msec

Disk stats (read/write):
  nvme0n1: ios=4189840/0, merge=0/0, ticks=209491484/0, in_queue=209315292, util=100.00%
