libaio_1024_randread_1m: (g=0): rw=randread, bs=(R) 1024KiB-1024KiB, (W) 1024KiB-1024KiB, (T) 1024KiB-1024KiB, ioengine=libaio, iodepth=1024
fio-3.1
Starting 1 process

libaio_1024_randread_1m: (groupid=0, jobs=1): err= 0: pid=698289: Wed Jun 24 00:42:48 2020
   read: IOPS=415, BW=415MiB/s (435MB/s)(243GiB/600120msec)
    slat (usec): min=45, max=2163.4k, avg=2401.92, stdev=27218.91
    clat (msec): min=115, max=8395, avg=2460.48, stdev=1124.68
     lat (msec): min=143, max=8395, avg=2462.88, stdev=1125.28
    clat percentiles (msec):
     |  1.00th=[ 1636],  5.00th=[ 1687], 10.00th=[ 1720], 20.00th=[ 1770],
     | 30.00th=[ 1804], 40.00th=[ 1854], 50.00th=[ 1905], 60.00th=[ 1989],
     | 70.00th=[ 2333], 80.00th=[ 3171], 90.00th=[ 4396], 95.00th=[ 5134],
     | 99.00th=[ 6208], 99.50th=[ 6477], 99.90th=[ 7215], 99.95th=[ 7416],
     | 99.99th=[ 7684]
   bw (  KiB/s): min=32702, max=624640, per=100.00%, avg=480492.32, stdev=164279.79, samples=1057
   iops        : min=   31, max=  610, avg=469.16, stdev=160.43, samples=1057
  lat (msec)   : 250=0.03%, 500=0.06%, 750=0.05%, 1000=0.06%, 2000=60.32%
  lat (msec)   : >=2000=39.48%
  cpu          : usr=0.25%, sys=3.14%, ctx=28609, majf=0, minf=656603
  IO depths    : 1=0.1%, 2=0.1%, 4=0.1%, 8=0.1%, 16=0.1%, 32=0.1%, >=64=100.0%
     submit    : 0=0.0%, 4=100.0%, 8=0.0%, 16=0.0%, 32=0.0%, 64=0.0%, >=64=0.0%
     complete  : 0=0.0%, 4=100.0%, 8=0.0%, 16=0.0%, 32=0.0%, 64=0.0%, >=64=0.1%
     issued rwt: total=249052,0,0, short=0,0,0, dropped=0,0,0
     latency   : target=0, window=0, percentile=100.00%, depth=1024

Run status group 0 (all jobs):
   READ: bw=415MiB/s (435MB/s), 415MiB/s-415MiB/s (435MB/s-435MB/s), io=243GiB (261GB), run=600120-600120msec
