iscsi_libaio_1024_randread_16k: (g=0): rw=randread, bs=(R) 16.0KiB-16.0KiB, (W) 16.0KiB-16.0KiB, (T) 16.0KiB-16.0KiB, ioengine=libaio, iodepth=1024
fio-3.1
Starting 1 process

iscsi_libaio_1024_randread_16k: (groupid=0, jobs=1): err= 0: pid=1580782: Wed Jun 24 16:04:33 2020
   read: IOPS=7643, BW=119MiB/s (125MB/s)(69.0GiB/600023msec)
    slat (usec): min=7, max=1917.4k, avg=126.00, stdev=5782.81
    clat (msec): min=21, max=3603, avg=133.77, stdev=218.28
     lat (msec): min=23, max=3603, avg=133.89, stdev=218.41
    clat percentiles (msec):
     |  1.00th=[   67],  5.00th=[   71], 10.00th=[   74], 20.00th=[   78],
     | 30.00th=[   80], 40.00th=[   83], 50.00th=[   86], 60.00th=[   89],
     | 70.00th=[   94], 80.00th=[  104], 90.00th=[  188], 95.00th=[  271],
     | 99.00th=[ 1485], 99.50th=[ 1636], 99.90th=[ 2165], 99.95th=[ 2400],
     | 99.99th=[ 2970]
   bw (  KiB/s): min=  479, max=214016, per=100.00%, avg=137753.61, stdev=69621.92, samples=1065
   iops        : min=   29, max=13376, avg=8609.58, stdev=4351.38, samples=1065
  lat (msec)   : 50=0.01%, 100=77.69%, 250=15.95%, 500=3.67%, 750=0.34%
  lat (msec)   : 1000=0.40%, 2000=1.71%, >=2000=0.24%
  cpu          : usr=2.79%, sys=12.53%, ctx=939528, majf=0, minf=42037
  IO depths    : 1=0.1%, 2=0.1%, 4=0.1%, 8=0.1%, 16=0.1%, 32=0.1%, >=64=100.0%
     submit    : 0=0.0%, 4=100.0%, 8=0.0%, 16=0.0%, 32=0.0%, 64=0.0%, >=64=0.0%
     complete  : 0=0.0%, 4=100.0%, 8=0.0%, 16=0.0%, 32=0.0%, 64=0.0%, >=64=0.1%
     issued rwt: total=4586154,0,0, short=0,0,0, dropped=0,0,0
     latency   : target=0, window=0, percentile=100.00%, depth=1024

Run status group 0 (all jobs):
   READ: bw=119MiB/s (125MB/s), 119MiB/s-119MiB/s (125MB/s-125MB/s), io=69.0GiB (75.1GB), run=600023-600023msec
